\BOOKMARK [1][-]{Abstract.1}{Abstract}{}% 1
\BOOKMARK [1][-]{Res\IeC {\'u}men.1}{Res\372men}{}% 2
\BOOKMARK [1][-]{agradecimientos.1}{Agradecimientos}{}% 3
\BOOKMARK [1][-]{tableofcontents.1}{\315ndice general}{}% 4
\BOOKMARK [1][-]{lof.1}{\315ndice de figuras}{}% 5
\BOOKMARK [1][-]{lot.1}{\315ndice de cuadros}{}% 6
\BOOKMARK [1][-]{lol.1}{Listings}{}% 7
\BOOKMARK [1][-]{acronyms.1}{Acronyms}{}% 8
\BOOKMARK [0][]{chapter.1}{1 Introducci\363n}{}% 9
\BOOKMARK [1][-]{section.1.1}{1.1 El asenso de la tecnolog\355a web}{chapter.1}% 10
\BOOKMARK [1][-]{section.1.2}{1.2 Interfaces gr\341ficas modernas}{chapter.1}% 11
\BOOKMARK [1][-]{section.1.3}{1.3 Y los robots?}{chapter.1}% 12
\BOOKMARK [1][-]{section.1.4}{1.4 Objetivo del trabajo}{chapter.1}% 13
\BOOKMARK [2][-]{subsection.1.4.1}{1.4.1 Resumen por capitulo}{section.1.4}% 14
\BOOKMARK [0][]{chapter.2}{2 Conociendo las tecnolog\355as web}{}% 15
\BOOKMARK [1][-]{section.2.1}{2.1 Diferencia entre backend y front end}{chapter.2}% 16
\BOOKMARK [1][-]{section.2.2}{2.2 Tecnolog\355as en el frontside}{chapter.2}% 17
\BOOKMARK [2][-]{subsection.2.2.1}{2.2.1 Frameworks CSS}{section.2.2}% 18
\BOOKMARK [2][-]{subsection.2.2.2}{2.2.2 Frameworks Javascript}{section.2.2}% 19
\BOOKMARK [1][-]{section.2.3}{2.3 Herramientas de debugeo y desarrollo}{chapter.2}% 20
\BOOKMARK [0][]{chapter.3}{3 Metodolog\355a de desarrollo en el robot}{}% 21
\BOOKMARK [1][-]{section.3.1}{3.1 Proceso de creaci\363n de un robot}{chapter.3}% 22
\BOOKMARK [1][-]{section.3.2}{3.2 Problem\341ticas}{chapter.3}% 23
\BOOKMARK [1][-]{section.3.3}{3.3 Plataforma propuesta}{chapter.3}% 24
\BOOKMARK [0][]{chapter.4}{4 Aplicando las tecnolog\355as en los robots}{}% 25
\BOOKMARK [1][-]{section.4.1}{4.1 Robot 1}{chapter.4}% 26
\BOOKMARK [1][-]{section.4.2}{4.2 Robot 2}{chapter.4}% 27
\BOOKMARK [1][-]{section.4.3}{4.3 Robot 3}{chapter.4}% 28
\BOOKMARK [1][-]{section.4.4}{4.4 Resultados}{chapter.4}% 29
\BOOKMARK [0][]{chapter.5}{5 Conclusiones}{}% 30
\BOOKMARK [1][-]{section.5.1}{5.1 Que se puede mejorar}{chapter.5}% 31
\BOOKMARK [1][-]{section.5.2}{5.2 Trabajo a futuro}{chapter.5}% 32
\BOOKMARK [0][]{appendix.Alph1}{A Appendix Test}{}% 33
\BOOKMARK [1][-]{section.Alph1.1}{A.1 Appendix Section Test}{appendix.Alph1}% 34
\BOOKMARK [1][-]{section.Alph1.2}{A.2 Another Appendix Section Test}{appendix.Alph1}% 35
\BOOKMARK [0][]{dummy.6}{Bibliograf\355a}{}% 36
\BOOKMARK [0][]{colophon.0}{Colophon}{}% 37
\BOOKMARK [0][]{declaration.0}{Declaration}{}% 38
